mode: set
github.com/mradulrathore/OnboardingAssignments/assignment2/services/user.go:15.44,17.17 2 0
github.com/mradulrathore/OnboardingAssignments/assignment2/services/user.go:21.2,23.16 2 0
github.com/mradulrathore/OnboardingAssignments/assignment2/services/user.go:26.2,26.18 1 0
github.com/mradulrathore/OnboardingAssignments/assignment2/services/user.go:17.17,20.3 2 0
github.com/mradulrathore/OnboardingAssignments/assignment2/services/user.go:23.16,25.3 1 0
github.com/mradulrathore/OnboardingAssignments/assignment2/services/user.go:29.53,32.16 3 0
github.com/mradulrathore/OnboardingAssignments/assignment2/services/user.go:37.2,39.16 3 0
github.com/mradulrathore/OnboardingAssignments/assignment2/services/user.go:44.2,46.16 3 0
github.com/mradulrathore/OnboardingAssignments/assignment2/services/user.go:51.2,53.16 3 0
github.com/mradulrathore/OnboardingAssignments/assignment2/services/user.go:58.2,61.16 4 0
github.com/mradulrathore/OnboardingAssignments/assignment2/services/user.go:66.2,67.16 2 0
github.com/mradulrathore/OnboardingAssignments/assignment2/services/user.go:70.2,74.9 3 0
github.com/mradulrathore/OnboardingAssignments/assignment2/services/user.go:79.2,79.18 1 0
github.com/mradulrathore/OnboardingAssignments/assignment2/services/user.go:32.16,35.3 2 0
github.com/mradulrathore/OnboardingAssignments/assignment2/services/user.go:39.16,42.3 2 0
github.com/mradulrathore/OnboardingAssignments/assignment2/services/user.go:46.16,49.3 2 0
github.com/mradulrathore/OnboardingAssignments/assignment2/services/user.go:53.16,56.3 2 0
github.com/mradulrathore/OnboardingAssignments/assignment2/services/user.go:61.16,64.3 2 0
github.com/mradulrathore/OnboardingAssignments/assignment2/services/user.go:67.16,69.3 1 0
github.com/mradulrathore/OnboardingAssignments/assignment2/services/user.go:74.9,77.3 2 0
github.com/mradulrathore/OnboardingAssignments/assignment2/services/user.go:83.50,84.32 1 1
github.com/mradulrathore/OnboardingAssignments/assignment2/services/user.go:94.2,100.12 3 1
github.com/mradulrathore/OnboardingAssignments/assignment2/services/user.go:84.32,88.3 2 0
github.com/mradulrathore/OnboardingAssignments/assignment2/services/user.go:103.56,105.59 1 1
github.com/mradulrathore/OnboardingAssignments/assignment2/services/user.go:114.2,115.16 2 1
github.com/mradulrathore/OnboardingAssignments/assignment2/services/user.go:120.2,120.18 1 1
github.com/mradulrathore/OnboardingAssignments/assignment2/services/user.go:105.59,106.68 1 1
github.com/mradulrathore/OnboardingAssignments/assignment2/services/user.go:111.3,111.15 1 1
github.com/mradulrathore/OnboardingAssignments/assignment2/services/user.go:106.68,108.4 1 1
github.com/mradulrathore/OnboardingAssignments/assignment2/services/user.go:108.9,108.75 1 1
github.com/mradulrathore/OnboardingAssignments/assignment2/services/user.go:108.75,110.4 1 0
github.com/mradulrathore/OnboardingAssignments/assignment2/services/user.go:115.16,118.3 2 0
github.com/mradulrathore/OnboardingAssignments/assignment2/services/user.go:124.65,126.24 1 1
github.com/mradulrathore/OnboardingAssignments/assignment2/services/user.go:131.2,131.22 1 1
github.com/mradulrathore/OnboardingAssignments/assignment2/services/user.go:136.2,136.25 1 1
github.com/mradulrathore/OnboardingAssignments/assignment2/services/user.go:141.2,141.21 1 1
github.com/mradulrathore/OnboardingAssignments/assignment2/services/user.go:146.2,146.18 1 1
github.com/mradulrathore/OnboardingAssignments/assignment2/services/user.go:151.2,151.18 1 1
github.com/mradulrathore/OnboardingAssignments/assignment2/services/user.go:126.24,130.3 3 1
github.com/mradulrathore/OnboardingAssignments/assignment2/services/user.go:131.22,135.3 3 1
github.com/mradulrathore/OnboardingAssignments/assignment2/services/user.go:136.25,140.3 3 1
github.com/mradulrathore/OnboardingAssignments/assignment2/services/user.go:141.21,145.3 3 0
github.com/mradulrathore/OnboardingAssignments/assignment2/services/user.go:146.18,150.3 3 1
github.com/mradulrathore/OnboardingAssignments/assignment2/services/user.go:154.28,156.2 0 0
github.com/mradulrathore/OnboardingAssignments/assignment2/services/user.go:158.27,160.2 0 0
github.com/mradulrathore/OnboardingAssignments/assignment2/services/user.go:162.25,164.2 0 0
github.com/mradulrathore/OnboardingAssignments/assignment2/services/user.go:166.14,168.2 0 0
github.com/mradulrathore/OnboardingAssignments/assignment2/services/course.go:12.70,16.33 2 1
github.com/mradulrathore/OnboardingAssignments/assignment2/services/course.go:27.2,27.19 1 1
github.com/mradulrathore/OnboardingAssignments/assignment2/services/course.go:16.33,21.12 2 1
github.com/mradulrathore/OnboardingAssignments/assignment2/services/course.go:21.12,23.4 1 1
github.com/mradulrathore/OnboardingAssignments/assignment2/services/course.go:23.9,25.4 1 1
github.com/mradulrathore/OnboardingAssignments/assignment2/services/course.go:30.63,33.50 2 1
github.com/mradulrathore/OnboardingAssignments/assignment2/services/course.go:38.2,39.20 2 1
github.com/mradulrathore/OnboardingAssignments/assignment2/services/course.go:43.2,43.33 1 1
github.com/mradulrathore/OnboardingAssignments/assignment2/services/course.go:49.2,49.18 1 1
github.com/mradulrathore/OnboardingAssignments/assignment2/services/course.go:33.50,36.3 2 1
github.com/mradulrathore/OnboardingAssignments/assignment2/services/course.go:39.20,41.3 1 1
github.com/mradulrathore/OnboardingAssignments/assignment2/services/course.go:43.33,44.59 1 1
github.com/mradulrathore/OnboardingAssignments/assignment2/services/course.go:44.59,46.4 1 0
