mode: set
github.com/mradulrathore/onboarding-assignments/item/item.go:21.43,24.2 2 1
github.com/mradulrathore/onboarding-assignments/item/item.go:26.50,29.2 2 1
github.com/mradulrathore/onboarding-assignments/item/item.go:31.52,34.2 2 1
github.com/mradulrathore/onboarding-assignments/item/item.go:36.59,39.2 2 1
github.com/mradulrathore/onboarding-assignments/item/item.go:41.46,44.2 2 1
github.com/mradulrathore/onboarding-assignments/item/item.go:46.53,49.2 2 1
github.com/mradulrathore/onboarding-assignments/item/item.go:51.48,52.50 1 1
github.com/mradulrathore/onboarding-assignments/item/item.go:63.2,63.12 1 1
github.com/mradulrathore/onboarding-assignments/item/item.go:52.50,55.3 2 1
github.com/mradulrathore/onboarding-assignments/item/item.go:55.8,55.57 1 1
github.com/mradulrathore/onboarding-assignments/item/item.go:55.57,58.3 2 1
github.com/mradulrathore/onboarding-assignments/item/item.go:58.8,61.3 2 1
github.com/mradulrathore/onboarding-assignments/item/item.go:66.48,67.19 1 1
github.com/mradulrathore/onboarding-assignments/item/item.go:105.2,105.12 1 1
github.com/mradulrathore/onboarding-assignments/item/item.go:68.13,71.17 2 1
github.com/mradulrathore/onboarding-assignments/item/item.go:75.3,76.17 2 1
github.com/mradulrathore/onboarding-assignments/item/item.go:80.22,83.17 2 1
github.com/mradulrathore/onboarding-assignments/item/item.go:86.3,87.17 2 1
github.com/mradulrathore/onboarding-assignments/item/item.go:90.18,93.17 2 1
github.com/mradulrathore/onboarding-assignments/item/item.go:96.3,97.17 2 1
github.com/mradulrathore/onboarding-assignments/item/item.go:100.3,101.17 2 1
github.com/mradulrathore/onboarding-assignments/item/item.go:71.17,73.4 1 0
github.com/mradulrathore/onboarding-assignments/item/item.go:76.17,78.4 1 0
github.com/mradulrathore/onboarding-assignments/item/item.go:83.17,85.4 1 0
github.com/mradulrathore/onboarding-assignments/item/item.go:87.17,89.4 1 0
github.com/mradulrathore/onboarding-assignments/item/item.go:93.17,95.4 1 0
github.com/mradulrathore/onboarding-assignments/item/item.go:97.17,99.4 1 0
github.com/mradulrathore/onboarding-assignments/item/item.go:101.17,103.4 1 0
github.com/mradulrathore/onboarding-assignments/item/item.go:108.44,110.29 1 1
github.com/mradulrathore/onboarding-assignments/item/item.go:118.2,118.12 1 1
github.com/mradulrathore/onboarding-assignments/item/item.go:110.29,112.17 2 1
github.com/mradulrathore/onboarding-assignments/item/item.go:112.17,115.4 2 0
github.com/mradulrathore/onboarding-assignments/item/item.go:121.41,131.2 7 1
github.com/mradulrathore/onboarding-assignments/item/item.go:133.42,137.16 3 0
github.com/mradulrathore/onboarding-assignments/item/item.go:142.2,144.16 3 0
github.com/mradulrathore/onboarding-assignments/item/item.go:149.2,151.16 3 0
github.com/mradulrathore/onboarding-assignments/item/item.go:156.2,158.16 3 0
github.com/mradulrathore/onboarding-assignments/item/item.go:163.2,164.16 2 0
github.com/mradulrathore/onboarding-assignments/item/item.go:173.2,173.12 1 0
github.com/mradulrathore/onboarding-assignments/item/item.go:137.16,140.3 2 0
github.com/mradulrathore/onboarding-assignments/item/item.go:144.16,147.3 2 0
github.com/mradulrathore/onboarding-assignments/item/item.go:151.16,154.3 2 0
github.com/mradulrathore/onboarding-assignments/item/item.go:158.16,161.3 2 0
github.com/mradulrathore/onboarding-assignments/item/item.go:164.16,167.17 3 0
github.com/mradulrathore/onboarding-assignments/item/item.go:167.17,170.4 2 0
github.com/mradulrathore/onboarding-assignments/item/item.go:177.47,178.25 1 1
github.com/mradulrathore/onboarding-assignments/item/item.go:181.2,181.23 1 1
github.com/mradulrathore/onboarding-assignments/item/item.go:184.2,184.20 1 1
github.com/mradulrathore/onboarding-assignments/item/item.go:187.2,187.82 1 1
github.com/mradulrathore/onboarding-assignments/item/item.go:190.2,190.12 1 1
github.com/mradulrathore/onboarding-assignments/item/item.go:178.25,180.3 1 1
github.com/mradulrathore/onboarding-assignments/item/item.go:181.23,183.3 1 1
github.com/mradulrathore/onboarding-assignments/item/item.go:184.20,186.3 1 1
github.com/mradulrathore/onboarding-assignments/item/item.go:187.82,189.3 1 1
