mode: set
github.com/mradulrathore/onboarding-assignments/view/view.go:12.38,17.16 4 0
github.com/mradulrathore/onboarding-assignments/view/view.go:22.2,24.17 2 0
github.com/mradulrathore/onboarding-assignments/view/view.go:34.2,34.23 1 0
github.com/mradulrathore/onboarding-assignments/view/view.go:17.16,20.3 2 0
github.com/mradulrathore/onboarding-assignments/view/view.go:24.17,27.17 2 0
github.com/mradulrathore/onboarding-assignments/view/view.go:31.3,31.40 1 0
github.com/mradulrathore/onboarding-assignments/view/view.go:27.17,30.4 2 0
github.com/mradulrathore/onboarding-assignments/view/view.go:38.52,40.66 1 1
github.com/mradulrathore/onboarding-assignments/view/view.go:45.2,45.12 1 1
github.com/mradulrathore/onboarding-assignments/view/view.go:40.66,43.3 2 1
github.com/mradulrathore/onboarding-assignments/view/view.go:48.32,53.16 3 0
github.com/mradulrathore/onboarding-assignments/view/view.go:62.2,63.16 2 0
github.com/mradulrathore/onboarding-assignments/view/view.go:67.2,72.16 4 0
github.com/mradulrathore/onboarding-assignments/view/view.go:77.2,77.35 1 0
github.com/mradulrathore/onboarding-assignments/view/view.go:97.2,98.16 2 0
github.com/mradulrathore/onboarding-assignments/view/view.go:101.2,101.20 1 0
github.com/mradulrathore/onboarding-assignments/view/view.go:53.16,56.17 3 0
github.com/mradulrathore/onboarding-assignments/view/view.go:56.17,59.4 1 0
github.com/mradulrathore/onboarding-assignments/view/view.go:63.16,65.3 1 0
github.com/mradulrathore/onboarding-assignments/view/view.go:72.16,74.3 1 0
github.com/mradulrathore/onboarding-assignments/view/view.go:77.35,80.17 2 0
github.com/mradulrathore/onboarding-assignments/view/view.go:84.3,85.17 2 0
github.com/mradulrathore/onboarding-assignments/view/view.go:89.3,92.17 3 0
github.com/mradulrathore/onboarding-assignments/view/view.go:80.17,82.4 1 0
github.com/mradulrathore/onboarding-assignments/view/view.go:85.17,87.4 1 0
github.com/mradulrathore/onboarding-assignments/view/view.go:92.17,94.4 1 0
github.com/mradulrathore/onboarding-assignments/view/view.go:98.16,100.3 1 0
